{
  "RSpec": {
    "coverage": {
      "/home/andela/Documents/workspace/simulation/projects/matbucketlist/spec/controllers/api/v1/auth_controller_spec.rb": [
        1,
        null,
        1,
        2,
        3,
        null,
        1,
        1,
        1,
        null,
        1,
        null,
        null,
        null,
        1,
        2,
        1,
        1,
        null,
        1,
        null,
        null,
        null
      ],
      "/home/andela/Documents/workspace/simulation/projects/matbucketlist/spec/rails_helper.rb": [
        null,
        1,
        1,
        null,
        1,
        1,
        1,
        1,
        null,
        null,
        null,
        null,
        null,
        null,
        null,
        null,
        null,
        null,
        null,
        null,
        null,
        null,
        null,
        null,
        2,
        null,
        null,
        null,
        1,
        null,
        1,
        null,
        1,
        null,
        null,
        null,
        null,
        null,
        1,
        null,
        59,
        59,
        59,
        59,
        1,
        58,
        58,
        null,
        null,
        null,
        null,
        null,
        null,
        null,
        null,
        null,
        null,
        null,
        null,
        null,
        null,
        null,
        1,
        null,
        null,
        1,
        null,
        null,
        null
      ],
      "/home/andela/Documents/workspace/simulation/projects/matbucketlist/config/environment.rb": [
        null,
        1,
        null,
        null,
        1
      ],
      "/home/andela/Documents/workspace/simulation/projects/matbucketlist/config/application.rb": [
        1,
        null,
        1,
        null,
        1,
        1,
        1,
        1,
        1,
        1,
        1,
        null,
        null,
        null,
        null,
        1,
        null,
        1,
        1,
        null,
        null,
        null,
        null,
        null,
        null,
        null,
        null,
        null,
        null,
        null,
        null,
        null,
        1,
        null,
        null
      ],
      "/home/andela/Documents/workspace/simulation/projects/matbucketlist/config/boot.rb": [
        1,
        null,
        1
      ],
      "/home/andela/Documents/workspace/simulation/projects/matbucketlist/config/environments/test.rb": [
        1,
        null,
        null,
        null,
        null,
        null,
        null,
        1,
        null,
        null,
        null,
        null,
        1,
        null,
        null,
        1,
        1,
        null,
        null,
        1,
        1,
        null,
        null,
        1,
        null,
        null,
        1,
        null,
        null,
        null,
        null,
        1,
        null,
        null,
        1,
        null,
        null,
        1,
        null,
        null,
        null,
        null
      ],
      "/home/andela/Documents/workspace/simulation/projects/matbucketlist/config/initializers/filter_parameter_logging.rb": [
        null,
        null,
        null,
        1
      ],
      "/home/andela/Documents/workspace/simulation/projects/matbucketlist/config/initializers/secret_token.rb": [
        null,
        null,
        null,
        null,
        null,
        null,
        null,
        null,
        null,
        null,
        null,
        null,
        null,
        null,
        null,
        null,
        null,
        null,
        1
      ],
      "/home/andela/Documents/workspace/simulation/projects/matbucketlist/config/initializers/utility.rb": [
        1,
        38,
        null
      ],
      "/home/andela/Documents/workspace/simulation/projects/matbucketlist/config/initializers/wrap_parameters.rb": [
        null,
        null,
        null,
        null,
        null,
        null,
        null,
        null,
        null,
        null,
        null,
        null,
        null
      ],
      "/home/andela/Documents/workspace/simulation/projects/matbucketlist/config/routes.rb": [
        1,
        1,
        1,
        1,
        1,
        1,
        1,
        1,
        1,
        1,
        1,
        1,
        null,
        1,
        null,
        null,
        null
      ],
      "/home/andela/Documents/workspace/simulation/projects/matbucketlist/spec/support/seeded.rb": [
        1,
        1,
        null,
        58,
        null,
        null,
        null,
        null,
        1,
        null,
        58,
        null,
        null,
        null,
        null,
        null,
        null,
        null,
        1,
        null,
        58,
        null,
        null,
        null,
        null,
        1,
        174,
        174,
        348,
        null,
        null
      ],
      "/home/andela/Documents/workspace/simulation/projects/matbucketlist/app/controllers/api/v1/auth_controller.rb": [
        1,
        1,
        1,
        1,
        null,
        null,
        1,
        null,
        1,
        2,
        null,
        null,
        2,
        1,
        null,
        1,
        null,
        null,
        null,
        1,
        1,
        1,
        1,
        null,
        null,
        null,
        1,
        1,
        null,
        null,
        null,
        null,
        null,
        null
      ],
      "/home/andela/Documents/workspace/simulation/projects/matbucketlist/app/controllers/application_controller.rb": [
        1,
        1,
        null,
        1,
        1,
        null,
        null,
        1,
        1,
        null,
        null,
        1,
        null,
        1,
        26,
        null,
        null,
        1,
        25,
        null,
        null,
        1,
        30,
        26,
        null,
        null,
        null,
        1,
        27,
        1,
        26,
        1,
        null,
        null,
        null,
        1,
        109,
        null,
        null,
        1,
        27,
        null,
        null,
        1,
        31,
        30,
        30,
        26,
        null,
        null,
        null,
        null
      ],
      "/home/andela/Documents/workspace/simulation/projects/matbucketlist/app/controllers/api/not_authenticated_error.rb": [
        1,
        1,
        null,
        null
      ],
      "/home/andela/Documents/workspace/simulation/projects/matbucketlist/app/controllers/api/authentication_timeout_error.rb": [
        1,
        1,
        null,
        null
      ],
      "/home/andela/Documents/workspace/simulation/projects/matbucketlist/app/controllers/concerns/commons.rb": [
        1,
        1,
        null,
        1,
        5,
        5,
        3,
        null,
        2,
        null,
        null,
        null,
        1,
        53,
        null,
        null,
        1,
        8,
        null,
        null
      ],
      "/home/andela/Documents/workspace/simulation/projects/matbucketlist/spec/models/blacklist_spec.rb": [
        1,
        null,
        1,
        3,
        3,
        3,
        null,
        1,
        1,
        1,
        2,
        null,
        null,
        null,
        1,
        2,
        1,
        2,
        null,
        null,
        null,
        1,
        1,
        2,
        null,
        null,
        null,
        null
      ],
      "/home/andela/Documents/workspace/simulation/projects/matbucketlist/app/models/blacklist.rb": [
        1,
        1,
        1,
        null,
        1,
        5,
        null,
        null
      ],
      "/home/andela/Documents/workspace/simulation/projects/matbucketlist/spec/models/bucketlist_spec.rb": [
        1,
        null,
        1,
        4,
        4,
        2,
        3,
        null,
        1,
        1,
        1,
        null,
        null,
        null,
        1,
        1,
        1,
        null,
        null,
        null,
        1,
        1,
        1,
        1,
        null,
        null,
        null,
        1,
        2,
        1,
        2,
        null,
        null,
        null,
        1,
        2,
        1,
        2,
        null,
        null,
        null,
        1,
        2,
        1,
        2,
        null,
        null,
        null,
        null
      ],
      "/home/andela/Documents/workspace/simulation/projects/matbucketlist/app/models/bucketlist.rb": [
        1,
        1,
        1,
        1,
        1,
        null
      ],
      "/home/andela/Documents/workspace/simulation/projects/matbucketlist/spec/models/item_spec.rb": [
        1,
        null,
        1,
        4,
        6,
        4,
        3,
        5,
        null,
        1,
        1,
        1,
        1,
        null,
        null,
        null,
        1,
        2,
        1,
        2,
        null,
        null,
        null,
        1,
        2,
        1,
        2,
        null,
        null,
        null,
        1,
        1,
        1,
        null,
        null,
        null,
        1,
        2,
        1,
        1,
        1,
        null,
        null,
        null,
        1,
        2,
        1,
        1,
        1,
        null,
        null,
        1,
        1,
        1,
        null,
        null,
        null
      ],
      "/home/andela/Documents/workspace/simulation/projects/matbucketlist/app/models/item.rb": [
        1,
        1,
        1,
        1,
        null,
        1,
        12,
        null,
        null,
        1,
        null,
        6,
        null,
        5,
        3,
        null,
        null
      ],
      "/home/andela/Documents/workspace/simulation/projects/matbucketlist/spec/models/user_spec.rb": [
        1,
        null,
        1,
        10,
        8,
        9,
        2,
        1,
        9,
        null,
        null,
        1,
        1,
        1,
        null,
        null,
        1,
        1,
        null,
        null,
        1,
        1,
        null,
        null,
        null,
        null,
        1,
        1,
        1,
        null,
        null,
        null,
        1,
        1,
        1,
        null,
        null,
        null,
        1,
        1,
        1,
        null,
        null,
        null,
        1,
        2,
        1,
        2,
        null,
        null,
        null,
        1,
        2,
        1,
        2,
        null,
        null,
        null,
        1,
        2,
        1,
        2,
        null,
        null,
        null
      ],
      "/home/andela/Documents/workspace/simulation/projects/matbucketlist/app/models/user.rb": [
        1,
        1,
        1,
        1,
        1,
        null,
        1,
        4,
        1,
        null,
        1,
        null,
        4,
        4,
        4,
        null,
        null,
        1,
        30,
        null,
        30,
        null,
        29,
        null,
        null,
        1,
        3,
        null,
        null
      ],
      "/home/andela/Documents/workspace/simulation/projects/matbucketlist/spec/requests/unauthorized_requests_spec.rb": [
        1,
        null,
        1,
        1,
        1,
        1,
        1,
        1,
        1,
        1,
        null,
        null,
        null,
        1,
        1,
        1,
        1,
        1,
        1,
        1,
        null,
        null,
        null
      ],
      "/home/andela/Documents/workspace/simulation/projects/matbucketlist/spec/requests/visit_get_routes_spec.rb": [
        1,
        null,
        1,
        11,
        10,
        null,
        1,
        1,
        1,
        null,
        1,
        null,
        null,
        null,
        1,
        1,
        1,
        1,
        null,
        null,
        null,
        1,
        1,
        1,
        null,
        1,
        null,
        null,
        null,
        1,
        1,
        1,
        null,
        1,
        null,
        null,
        null,
        1,
        1,
        1,
        null,
        1,
        null,
        null,
        null,
        1,
        1,
        1,
        null,
        1,
        null,
        null,
        null,
        1,
        1,
        1,
        null,
        1,
        null,
        null,
        null,
        1,
        1,
        1,
        null,
        1,
        null,
        null,
        null,
        1,
        1,
        1,
        null,
        1,
        null,
        null,
        null,
        1,
        1,
        1,
        null,
        1,
        null,
        null,
        null,
        1,
        2,
        1,
        1,
        null,
        1,
        null,
        null,
        null
      ],
      "/home/andela/Documents/workspace/simulation/projects/matbucketlist/spec/requests/visit_post_routes_spec.rb": [
        1,
        null,
        1,
        5,
        5,
        2,
        2,
        null,
        1,
        1,
        1,
        null,
        null,
        1,
        null,
        null,
        null,
        1,
        1,
        1,
        null,
        null,
        1,
        null,
        null,
        null,
        1,
        1,
        1,
        null,
        1,
        null,
        null,
        null,
        1,
        1,
        1,
        null,
        1,
        null,
        null,
        null,
        1,
        1,
        1,
        null,
        1,
        null,
        null,
        null,
        1,
        1,
        1,
        null,
        1,
        null,
        null,
        null
      ],
      "/home/andela/Documents/workspace/simulation/projects/matbucketlist/spec/requests/visit_updelete_routes_spec.rb": [
        1,
        null,
        1,
        13,
        13,
        2,
        null,
        1,
        1,
        1,
        null,
        1,
        null,
        null,
        null,
        1,
        1,
        1,
        null,
        1,
        null,
        null,
        null,
        1,
        1,
        1,
        null,
        null,
        1,
        null,
        null,
        null,
        1,
        1,
        1,
        null,
        1,
        null,
        null,
        null,
        1,
        1,
        1,
        null,
        1,
        null,
        null,
        null,
        1,
        1,
        1,
        null,
        1,
        null,
        null,
        null,
        1,
        1,
        1,
        null,
        1,
        null,
        null,
        null,
        1,
        1,
        1,
        null,
        1,
        null,
        null,
        null,
        1,
        1,
        1,
        null,
        1,
        null,
        null,
        null,
        1,
        1,
        1,
        null,
        1,
        null,
        null,
        null,
        1,
        1,
        1,
        null,
        1,
        null,
        null,
        null,
        1,
        1,
        1,
        null,
        1,
        null,
        null,
        null
      ],
      "/home/andela/Documents/workspace/simulation/projects/matbucketlist/app/controllers/api/tokenizer.rb": [
        1,
        1,
        1,
        30,
        30,
        null,
        null,
        1,
        31,
        null,
        26,
        null,
        5,
        null,
        null,
        null
      ],
      "/home/andela/Documents/workspace/simulation/projects/matbucketlist/app/controllers/api/v1/decoded_auth_token.rb": [
        1,
        1,
        1,
        1,
        26,
        null,
        null,
        null,
        null
      ],
      "/home/andela/Documents/workspace/simulation/projects/matbucketlist/app/controllers/api/v1/users_controller.rb": [
        1,
        1,
        1,
        1,
        null,
        1,
        null,
        1,
        1,
        null,
        null,
        1,
        2,
        null,
        2,
        2,
        null,
        null,
        null,
        null
      ],
      "/home/andela/Documents/workspace/simulation/projects/matbucketlist/app/controllers/api/v1/bucketlists_controller.rb": [
        1,
        1,
        1,
        1,
        null,
        1,
        3,
        null,
        null,
        1,
        2,
        2,
        2,
        null,
        null,
        1,
        2,
        1,
        null,
        1,
        null,
        null,
        null,
        1,
        2,
        2,
        2,
        1,
        null,
        null,
        1,
        null,
        null,
        1,
        1,
        2,
        null,
        1,
        null,
        null,
        null,
        1,
        null,
        1,
        2,
        null,
        null,
        1,
        3,
        1,
        2,
        1,
        1,
        1,
        null,
        null,
        null,
        1,
        1,
        null,
        null,
        null,
        null
      ],
      "/home/andela/Documents/workspace/simulation/projects/matbucketlist/app/serializers/bucketlist_serializer.rb": [
        1,
        1,
        1,
        null,
        1,
        5,
        null,
        null,
        1,
        5,
        null,
        null
      ],
      "/home/andela/Documents/workspace/simulation/projects/matbucketlist/app/serializers/item_serializer.rb": [
        1,
        1,
        null,
        1,
        14,
        null,
        null,
        1,
        14,
        null,
        null
      ],
      "/home/andela/Documents/workspace/simulation/projects/matbucketlist/app/controllers/api/v1/items_controller.rb": [
        1,
        1,
        1,
        1,
        1,
        null,
        1,
        2,
        1,
        null,
        1,
        1,
        null,
        null,
        1,
        null,
        null,
        null,
        1,
        3,
        1,
        1,
        null,
        1,
        null,
        null,
        1,
        null,
        null,
        null,
        1,
        5,
        3,
        null,
        3,
        3,
        null,
        null,
        1,
        null,
        null,
        null,
        1,
        null,
        null,
        null,
        1,
        3,
        1,
        1,
        null,
        1,
        null,
        null,
        null,
        1,
        null,
        null,
        null,
        1,
        null,
        1,
        11,
        11,
        11,
        5,
        null,
        null,
        null,
        null,
        null
      ],
      "/home/andela/Documents/workspace/simulation/projects/matbucketlist/app/controllers/concerns/booleanizer.rb": [
        1,
        1,
        1,
        3,
        2,
        1,
        null,
        null,
        null
      ],
      "/home/andela/Documents/workspace/simulation/projects/matbucketlist/app/serializers/user_serializer.rb": [
        1,
        1,
        1,
        null
      ]
    },
    "timestamp": 1449523481
  }
}
