{
  "RSpec": {
    "coverage": {
      "/home/andela/Documents/workspace/simulation/projects/matbucketlist/spec/controllers/api/v1/auth_controller_spec.rb": [
        1,
        null,
        1,
        2,
        3,
        null,
        1,
        1,
        1,
        null,
        0,
        null,
        null,
        null,
        1,
        2,
        1,
        1,
        null,
        0,
        null,
        null,
        null
      ],
      "/home/andela/Documents/workspace/simulation/projects/matbucketlist/spec/rails_helper.rb": [
        null,
        1,
        1,
        null,
        1,
        1,
        1,
        1,
        null,
        null,
        null,
        null,
        null,
        null,
        null,
        null,
        null,
        null,
        null,
        null,
        null,
        null,
        null,
        null,
        2,
        null,
        null,
        null,
        1,
        null,
        1,
        null,
        1,
        null,
        null,
        null,
        null,
        null,
        1,
        null,
        31,
        31,
        31,
        31,
        1,
        30,
        30,
        null,
        null,
        null,
        null,
        null,
        null,
        null,
        null,
        null,
        null,
        null,
        null,
        null,
        null,
        null,
        1,
        null,
        null,
        1,
        null,
        null,
        null
      ],
      "/home/andela/Documents/workspace/simulation/projects/matbucketlist/config/environment.rb": [
        null,
        1,
        null,
        null,
        1
      ],
      "/home/andela/Documents/workspace/simulation/projects/matbucketlist/config/application.rb": [
        1,
        null,
        1,
        null,
        1,
        1,
        1,
        1,
        1,
        1,
        1,
        null,
        null,
        null,
        null,
        1,
        null,
        1,
        1,
        null,
        null,
        null,
        null,
        null,
        null,
        null,
        null,
        null,
        null,
        null,
        null,
        null,
        1,
        null,
        null
      ],
      "/home/andela/Documents/workspace/simulation/projects/matbucketlist/config/boot.rb": [
        1,
        null,
        1
      ],
      "/home/andela/Documents/workspace/simulation/projects/matbucketlist/config/environments/test.rb": [
        1,
        null,
        null,
        null,
        null,
        null,
        null,
        1,
        null,
        null,
        null,
        null,
        1,
        null,
        null,
        1,
        1,
        null,
        null,
        1,
        1,
        null,
        null,
        1,
        null,
        null,
        1,
        null,
        null,
        null,
        null,
        1,
        null,
        null,
        1,
        null,
        null,
        1,
        null,
        null,
        null,
        null
      ],
      "/home/andela/Documents/workspace/simulation/projects/matbucketlist/config/initializers/filter_parameter_logging.rb": [
        null,
        null,
        null,
        1
      ],
      "/home/andela/Documents/workspace/simulation/projects/matbucketlist/config/initializers/secret_token.rb": [
        null,
        null,
        null,
        null,
        null,
        null,
        null,
        null,
        null,
        null,
        null,
        null,
        null,
        null,
        null,
        null,
        null,
        null,
        1
      ],
      "/home/andela/Documents/workspace/simulation/projects/matbucketlist/config/initializers/utility.rb": [
        1,
        0,
        null
      ],
      "/home/andela/Documents/workspace/simulation/projects/matbucketlist/config/initializers/wrap_parameters.rb": [
        null,
        null,
        null,
        null,
        null,
        null,
        null,
        null,
        null,
        null,
        null,
        null,
        null
      ],
      "/home/andela/Documents/workspace/simulation/projects/matbucketlist/config/routes.rb": [
        1,
        1,
        1,
        1,
        1,
        1,
        1,
        1,
        1,
        1,
        1,
        1,
        null,
        1,
        null,
        null,
        null
      ],
      "/home/andela/Documents/workspace/simulation/projects/matbucketlist/spec/support/seeded.rb": [
        1,
        1,
        null,
        30,
        null,
        null,
        null,
        null,
        1,
        null,
        30,
        null,
        null,
        null,
        null,
        null,
        null,
        null,
        1,
        null,
        30,
        null,
        null,
        null,
        null,
        1,
        90,
        90,
        180,
        null,
        null
      ],
      "/home/andela/Documents/workspace/simulation/projects/matbucketlist/app/controllers/api/v1/auth_controller.rb": [
        1,
        1,
        1,
        1,
        null,
        null,
        1,
        null,
        1,
        0,
        null,
        null,
        0,
        0,
        null,
        0,
        null,
        null,
        null,
        1,
        0,
        0,
        0,
        null,
        null,
        null,
        1,
        0,
        null,
        null,
        null,
        null,
        null,
        null
      ],
      "/home/andela/Documents/workspace/simulation/projects/matbucketlist/app/controllers/application_controller.rb": [
        1,
        1,
        null,
        1,
        0,
        null,
        null,
        1,
        0,
        null,
        null,
        1,
        null,
        1,
        0,
        null,
        null,
        1,
        0,
        null,
        null,
        1,
        5,
        0,
        null,
        null,
        null,
        1,
        1,
        0,
        0,
        0,
        null,
        null,
        null,
        1,
        6,
        2,
        null,
        null,
        1,
        null,
        1,
        null,
        null,
        1,
        6,
        5,
        5,
        1,
        null,
        null,
        null,
        null
      ],
      "/home/andela/Documents/workspace/simulation/projects/matbucketlist/app/controllers/api/not_authenticated_error.rb": [
        1,
        1,
        null,
        null
      ],
      "/home/andela/Documents/workspace/simulation/projects/matbucketlist/app/controllers/api/authentication_timeout_error.rb": [
        1,
        1,
        null,
        null
      ],
      "/home/andela/Documents/workspace/simulation/projects/matbucketlist/app/controllers/concerns/commons.rb": [
        1,
        1,
        null,
        1,
        0,
        0,
        0,
        null,
        0,
        null,
        null,
        null,
        1,
        0,
        null,
        null,
        1,
        0,
        null,
        null
      ],
      "/home/andela/Documents/workspace/simulation/projects/matbucketlist/spec/models/blacklist_spec.rb": [
        1,
        null,
        1,
        3,
        3,
        3,
        null,
        1,
        1,
        1,
        2,
        null,
        null,
        null,
        1,
        2,
        1,
        2,
        null,
        null,
        null,
        1,
        1,
        2,
        null,
        null,
        null,
        null
      ],
      "/home/andela/Documents/workspace/simulation/projects/matbucketlist/app/models/blacklist.rb": [
        1,
        1,
        1,
        null,
        1,
        4,
        null,
        null
      ],
      "/home/andela/Documents/workspace/simulation/projects/matbucketlist/spec/models/bucketlist_spec.rb": [
        1,
        null,
        1,
        4,
        4,
        2,
        3,
        null,
        1,
        1,
        1,
        null,
        null,
        null,
        1,
        1,
        1,
        null,
        null,
        null,
        1,
        1,
        1,
        1,
        null,
        null,
        null,
        1,
        2,
        1,
        2,
        null,
        null,
        null,
        1,
        2,
        1,
        2,
        null,
        null,
        null,
        1,
        2,
        1,
        2,
        null,
        null,
        null,
        null
      ],
      "/home/andela/Documents/workspace/simulation/projects/matbucketlist/app/models/bucketlist.rb": [
        1,
        1,
        1,
        1,
        1,
        null
      ],
      "/home/andela/Documents/workspace/simulation/projects/matbucketlist/spec/models/item_spec.rb": [
        1,
        null,
        1,
        4,
        6,
        4,
        3,
        5,
        null,
        1,
        1,
        1,
        1,
        null,
        null,
        null,
        1,
        2,
        1,
        2,
        null,
        null,
        null,
        1,
        2,
        1,
        2,
        null,
        null,
        null,
        1,
        1,
        1,
        null,
        null,
        null,
        1,
        2,
        1,
        1,
        1,
        null,
        null,
        null,
        1,
        2,
        1,
        1,
        1,
        null,
        null,
        1,
        1,
        1,
        null,
        null,
        null
      ],
      "/home/andela/Documents/workspace/simulation/projects/matbucketlist/app/models/item.rb": [
        1,
        1,
        1,
        1,
        null,
        1,
        1,
        null,
        null,
        1,
        null,
        3,
        null,
        3,
        3,
        null,
        null
      ],
      "/home/andela/Documents/workspace/simulation/projects/matbucketlist/spec/models/user_spec.rb": [
        1,
        null,
        1,
        10,
        8,
        9,
        2,
        1,
        9,
        null,
        null,
        1,
        1,
        1,
        null,
        null,
        1,
        1,
        null,
        null,
        1,
        1,
        null,
        null,
        null,
        null,
        1,
        1,
        1,
        null,
        null,
        null,
        1,
        1,
        1,
        null,
        null,
        null,
        1,
        1,
        1,
        null,
        null,
        null,
        1,
        2,
        1,
        2,
        null,
        null,
        null,
        1,
        2,
        1,
        2,
        null,
        null,
        null,
        1,
        2,
        1,
        2,
        null,
        null,
        null
      ],
      "/home/andela/Documents/workspace/simulation/projects/matbucketlist/app/models/user.rb": [
        1,
        1,
        1,
        1,
        1,
        null,
        1,
        3,
        1,
        null,
        1,
        null,
        3,
        3,
        3,
        null,
        null,
        1,
        4,
        null,
        4,
        null,
        4,
        null,
        null,
        1,
        1,
        null,
        null
      ],
      "/home/andela/Documents/workspace/simulation/projects/matbucketlist/spec/requests/unauthorized_requests_spec.rb": [
        1,
        null,
        1,
        1,
        1,
        1,
        0,
        0,
        null,
        null,
        null,
        1,
        1,
        1,
        0,
        0,
        null,
        null,
        null
      ],
      "/home/andela/Documents/workspace/simulation/projects/matbucketlist/spec/requests/visit_get_routes_spec.rb": [
        1,
        null,
        1,
        2,
        2,
        null,
        1,
        1,
        1,
        null,
        0,
        0,
        null,
        null,
        null,
        1,
        1,
        0,
        0,
        null,
        null,
        null,
        1,
        1,
        0,
        null,
        0,
        0,
        null,
        null,
        null,
        1,
        1,
        0,
        null,
        0,
        0,
        null,
        null,
        null,
        1,
        1,
        0,
        null,
        0,
        0,
        null,
        null,
        null,
        1,
        1,
        0,
        null,
        0,
        0,
        null,
        null,
        null,
        1,
        1,
        0,
        null,
        0,
        0,
        null,
        null,
        null,
        1,
        1,
        0,
        null,
        0,
        0,
        null,
        null,
        null,
        1,
        1,
        0,
        null,
        0,
        0,
        null,
        null,
        null,
        1,
        1,
        0,
        null,
        0,
        0,
        null,
        null,
        null,
        1,
        1,
        1,
        0,
        null,
        0,
        0,
        null,
        null,
        null
      ],
      "/home/andela/Documents/workspace/simulation/projects/matbucketlist/spec/requests/visit_post_routes_spec.rb": [
        1,
        null,
        1,
        1,
        1,
        1,
        1,
        null,
        1,
        1,
        0,
        null,
        null,
        0,
        0,
        null,
        null,
        null,
        1,
        1,
        0,
        null,
        null,
        0,
        0,
        null,
        null,
        null,
        1,
        1,
        0,
        null,
        0,
        0,
        null,
        null,
        null,
        1,
        1,
        0,
        null,
        0,
        0,
        null,
        null,
        null,
        1,
        1,
        0,
        null,
        0,
        0,
        null,
        null,
        null,
        1,
        1,
        0,
        null,
        0,
        0,
        null,
        null,
        null
      ],
      "/home/andela/Documents/workspace/simulation/projects/matbucketlist/spec/requests/visit_updelete_routes_spec.rb": [
        1,
        null,
        1,
        1,
        1,
        1,
        null,
        1,
        1,
        0,
        null,
        0,
        0,
        null,
        null,
        null,
        1,
        1,
        0,
        null,
        0,
        0,
        null,
        null,
        null,
        1,
        1,
        0,
        null,
        null,
        0,
        0,
        null,
        null,
        null,
        1,
        1,
        0,
        null,
        0,
        0,
        null,
        null,
        null,
        1,
        1,
        0,
        null,
        0,
        0,
        null,
        null,
        null,
        1,
        1,
        0,
        null,
        0,
        0,
        null,
        null,
        null,
        1,
        1,
        0,
        null,
        0,
        0,
        null,
        null,
        null,
        1,
        1,
        0,
        null,
        0,
        0,
        null,
        null,
        null,
        1,
        1,
        0,
        null,
        0,
        0,
        null,
        null,
        null,
        1,
        1,
        0,
        null,
        0,
        0,
        null,
        null,
        null,
        1,
        1,
        0,
        null,
        0,
        0,
        null,
        null,
        null,
        1,
        1,
        0,
        null,
        0,
        0,
        null,
        null,
        null
      ],
      "/home/andela/Documents/workspace/simulation/projects/matbucketlist/app/controllers/api/tokenizer.rb": [
        1,
        1,
        1,
        4,
        4,
        null,
        null,
        1,
        null,
        null,
        null,
        null,
        6,
        6,
        null,
        null,
        0,
        null,
        null,
        null
      ]
    },
    "timestamp": 1449620080
  }
}
